d:\myworkspace\Build\NT32\DEBUG_MYTOOLS\IA32\MdePkg\Library\BaseMemoryLibOptDxe\BaseMemoryLibOptDxe\OUTPUT\Ia32\ScanMem64.obj
d:\myworkspace\Build\NT32\DEBUG_MYTOOLS\IA32\MdePkg\Library\BaseMemoryLibOptDxe\BaseMemoryLibOptDxe\OUTPUT\Ia32\ScanMem32.obj
d:\myworkspace\Build\NT32\DEBUG_MYTOOLS\IA32\MdePkg\Library\BaseMemoryLibOptDxe\BaseMemoryLibOptDxe\OUTPUT\Ia32\ScanMem16.obj
d:\myworkspace\Build\NT32\DEBUG_MYTOOLS\IA32\MdePkg\Library\BaseMemoryLibOptDxe\BaseMemoryLibOptDxe\OUTPUT\Ia32\ScanMem8.obj
d:\myworkspace\Build\NT32\DEBUG_MYTOOLS\IA32\MdePkg\Library\BaseMemoryLibOptDxe\BaseMemoryLibOptDxe\OUTPUT\Ia32\CompareMem.obj
d:\myworkspace\Build\NT32\DEBUG_MYTOOLS\IA32\MdePkg\Library\BaseMemoryLibOptDxe\BaseMemoryLibOptDxe\OUTPUT\Ia32\ZeroMem.obj
d:\myworkspace\Build\NT32\DEBUG_MYTOOLS\IA32\MdePkg\Library\BaseMemoryLibOptDxe\BaseMemoryLibOptDxe\OUTPUT\Ia32\SetMem64.obj
d:\myworkspace\Build\NT32\DEBUG_MYTOOLS\IA32\MdePkg\Library\BaseMemoryLibOptDxe\BaseMemoryLibOptDxe\OUTPUT\Ia32\SetMem32.obj
d:\myworkspace\Build\NT32\DEBUG_MYTOOLS\IA32\MdePkg\Library\BaseMemoryLibOptDxe\BaseMemoryLibOptDxe\OUTPUT\Ia32\SetMem16.obj
d:\myworkspace\Build\NT32\DEBUG_MYTOOLS\IA32\MdePkg\Library\BaseMemoryLibOptDxe\BaseMemoryLibOptDxe\OUTPUT\Ia32\SetMem.obj
d:\myworkspace\Build\NT32\DEBUG_MYTOOLS\IA32\MdePkg\Library\BaseMemoryLibOptDxe\BaseMemoryLibOptDxe\OUTPUT\Ia32\CopyMem.obj
d:\myworkspace\Build\NT32\DEBUG_MYTOOLS\IA32\MdePkg\Library\BaseMemoryLibOptDxe\BaseMemoryLibOptDxe\OUTPUT\ScanMem64Wrapper.obj
d:\myworkspace\Build\NT32\DEBUG_MYTOOLS\IA32\MdePkg\Library\BaseMemoryLibOptDxe\BaseMemoryLibOptDxe\OUTPUT\ScanMem32Wrapper.obj
d:\myworkspace\Build\NT32\DEBUG_MYTOOLS\IA32\MdePkg\Library\BaseMemoryLibOptDxe\BaseMemoryLibOptDxe\OUTPUT\ScanMem16Wrapper.obj
d:\myworkspace\Build\NT32\DEBUG_MYTOOLS\IA32\MdePkg\Library\BaseMemoryLibOptDxe\BaseMemoryLibOptDxe\OUTPUT\ScanMem8Wrapper.obj
d:\myworkspace\Build\NT32\DEBUG_MYTOOLS\IA32\MdePkg\Library\BaseMemoryLibOptDxe\BaseMemoryLibOptDxe\OUTPUT\ZeroMemWrapper.obj
d:\myworkspace\Build\NT32\DEBUG_MYTOOLS\IA32\MdePkg\Library\BaseMemoryLibOptDxe\BaseMemoryLibOptDxe\OUTPUT\CompareMemWrapper.obj
d:\myworkspace\Build\NT32\DEBUG_MYTOOLS\IA32\MdePkg\Library\BaseMemoryLibOptDxe\BaseMemoryLibOptDxe\OUTPUT\SetMem64Wrapper.obj
d:\myworkspace\Build\NT32\DEBUG_MYTOOLS\IA32\MdePkg\Library\BaseMemoryLibOptDxe\BaseMemoryLibOptDxe\OUTPUT\SetMem32Wrapper.obj
d:\myworkspace\Build\NT32\DEBUG_MYTOOLS\IA32\MdePkg\Library\BaseMemoryLibOptDxe\BaseMemoryLibOptDxe\OUTPUT\SetMem16Wrapper.obj
d:\myworkspace\Build\NT32\DEBUG_MYTOOLS\IA32\MdePkg\Library\BaseMemoryLibOptDxe\BaseMemoryLibOptDxe\OUTPUT\SetMemWrapper.obj
d:\myworkspace\Build\NT32\DEBUG_MYTOOLS\IA32\MdePkg\Library\BaseMemoryLibOptDxe\BaseMemoryLibOptDxe\OUTPUT\CopyMemWrapper.obj
d:\myworkspace\Build\NT32\DEBUG_MYTOOLS\IA32\MdePkg\Library\BaseMemoryLibOptDxe\BaseMemoryLibOptDxe\OUTPUT\MemLibGuid.obj