//
//  VFR compiler version  2.00 (UEFI 2.3.1)Build 2524
//
#line 1 "d:\\myworkspace\\IntelFrameworkModulePkg\\Universal\\BdsDxe\\BootMaint\\FE.vfr"
#line 1 "d:\\myworkspace\\Build\\NT32\\DEBUG_VS2012x86xASL\\IA32\\IntelFrameworkModulePkg\\Universal\\BdsDxe\\BdsDxe\\DEBUG\\BdsDxeStrDefs.h"




























































































































































































































extern unsigned char BdsDxeStrings[];




#line 227 "d:\\myworkspace\\Build\\NT32\\DEBUG_VS2012x86xASL\\IA32\\IntelFrameworkModulePkg\\Universal\\BdsDxe\\BdsDxe\\DEBUG\\BdsDxeStrDefs.h"
#line 1 "d:\\myworkspace\\IntelFrameworkModulePkg\\Universal\\BdsDxe\\BootMaint\\FE.vfr"















#line 1 "d:\\myworkspace\\intelframeworkmodulepkg\\universal\\bdsdxe\\bootmaint\\FormGuid.h"
















#line 1 "d:\\myworkspace\\IntelFrameworkModulePkg\\Include\\Guid/BdsHii.h"















































extern EFI_GUID gFrontPageFormSetGuid;
extern EFI_GUID gBootMaintFormSetGuid;
extern EFI_GUID gFileExploreFormSetGuid;
extern EFI_GUID gBootManagerFormSetGuid;
extern EFI_GUID gDeviceManagerFormSetGuid;
extern EFI_GUID gDriverHealthFormSetGuid;

#line 56 "d:\\myworkspace\\IntelFrameworkModulePkg\\Include\\Guid/BdsHii.h"
#line 18 "d:\\myworkspace\\intelframeworkmodulepkg\\universal\\bdsdxe\\bootmaint\\FormGuid.h"










































































typedef struct {
  
  
  
  
  UINT16  BootTimeOut;
  UINT16  BootNext;

  
  
  
  UINT8   COM1BaudRate;
  UINT8   COM1DataRate;
  UINT8   COM1StopBits;
  UINT8   COM1Parity;
  UINT8   COM1TerminalType;

  
  
  
  UINT8   COM2BaudRate;
  UINT8   COM2DataRate;
  UINT8   COM2StopBits;
  UINT8   COM2Parity;
  UINT8   COM2TerminalType;

  
  
  
  UINT16  DriverAddHandleDesc[100];
  UINT16  DriverAddHandleOptionalData[100];
  UINT8   DriverAddActive;
  UINT8   DriverAddForceReconnect;

  
  
  
  UINT8   ConsoleInputCOM1;
  UINT8   ConsoleInputCOM2;
  UINT8   ConsoleOutputCOM1;
  UINT8   ConsoleOutputCOM2;
  UINT8   ConsoleErrorCOM1;
  UINT8   ConsoleErrorCOM2;

  
  
  
  UINT8   ConsoleCheck[100];

  
  
  
  
  
  UINT32  OptionOrder[100];

  
  
  
  BOOLEAN OptionDel[100];

  
  
  
  UINT8   COMBaudRate;
  UINT8   COMDataRate;
  UINT8   COMStopBits;
  UINT8   COMParity;
  UINT8   COMTerminalType;
  UINT8   COMFlowControl;

  
  
  
  UINT8   LegacyFD[100];
  UINT8   LegacyHD[100];
  UINT8   LegacyCD[100];
  UINT8   LegacyNET[100];
  UINT8   LegacyBEV[100];

  
  
  
  
  
  
  UINT8   DisableMap[32];

  
  
  
  UINT16  ConsoleOutMode;

  
  
  
} BMM_FAKE_NV_DATA;












typedef struct {
  UINT16  DescriptionData[75];
  UINT16  OptionalData[127];
  UINT8   Active;
  UINT8   ForceReconnect;
} FILE_EXPLORER_NV_DATA;

#line 209 "d:\\myworkspace\\intelframeworkmodulepkg\\universal\\bdsdxe\\bootmaint\\FormGuid.h"

#line 17 "d:\\myworkspace\\IntelFrameworkModulePkg\\Universal\\BdsDxe\\BootMaint\\FE.vfr"

formset
>00000000: 0E A7 E1 63 2D 1F BD FE C7 4D 9C C5 BA 2B 1C EF 9C 5B 66 00 02 00 01 E1 63 2D 1F BD FE C7 4D 9C C5 BA 2B 1C EF 9C 5B 
>00000051: 5C 06 00 00 00 00 
>00000057: 5C 06 00 00 01 00 
  guid = { 0x1f2d63e1, 0xfebd, 0x4dc7, {0x9c, 0xc5, 0xba, 0x2b, 0x1c, 0xef, 0x9c, 0x5b} },
  title = STRING_TOKEN(0x0066),
  help = STRING_TOKEN(0x0002),
  classguid = { 0x1f2d63e1, 0xfebd, 0x4dc7, {0x9c, 0xc5, 0xba, 0x2b, 0x1c, 0xef, 0x9c, 0x5b} },
  class = 0,
>00000027: 5F 15 35 17 0B 0F A0 87 93 41 B2 66 53 8C 38 AF 48 CE 03 00 00 
  subclass = 0,
>0000003C: 5F 15 35 17 0B 0F A0 87 93 41 B2 66 53 8C 38 AF 48 CE 04 00 00 

  varstore FILE_EXPLORER_NV_DATA,
>0000005D: 24 1D E1 63 2D 1F BD FE C7 4D 9C C5 BA 2B 1C EF 9C 5B 00 10 96 01 46 65 44 61 74 61 00 
    varid = 0x1000,
    name = FeData,
    guid = { 0x1f2d63e1, 0xfebd, 0x4dc7, {0x9c, 0xc5, 0xba, 0x2b, 0x1c, 0xef, 0x9c, 0x5b} };

  form formid = 0x101E,
>0000007A: 01 86 1E 10 66 00 
       title = STRING_TOKEN(0x0066);

       label 0x101E;
>00000080: 5F 15 35 17 0B 0F A0 87 93 41 B2 66 53 8C 38 AF 48 CE 00 1E 10 
       label 0xffff;
>00000095: 5F 15 35 17 0B 0F A0 87 93 41 B2 66 53 8C 38 AF 48 CE 00 FF FF 
  endform;
>000000AA: 29 02 

  form formid = 0x101F,
>000000AC: 01 86 1F 10 2A 00 
       title = STRING_TOKEN(0x002A);

       label 0x101F;
>000000B2: 5F 15 35 17 0B 0F A0 87 93 41 B2 66 53 8C 38 AF 48 CE 00 1F 10 
       label 0xffff;
>000000C7: 5F 15 35 17 0B 0F A0 87 93 41 B2 66 53 8C 38 AF 48 CE 00 FF FF 

       subtitle text = STRING_TOKEN(0x0002);
>000000DC: 02 87 02 00 00 00 00 
>000000E3: 29 02 

       string    varid    = FeData.DescriptionData,
>000000E5: 1C 90 30 00 02 00 01 00 00 10 00 00 00 06 4B 00 
                 prompt   = STRING_TOKEN(0x0030),
                 help     = STRING_TOKEN(0x0002),
                 minsize  = 6,
                 maxsize  = 75,
       endstring;
>000000F5: 29 02 

       string    varid    = FeData.OptionalData,
>000000F7: 1C 90 63 00 02 00 02 00 00 10 96 00 00 00 78 00 
       		prompt   = STRING_TOKEN(0x0063),
       		help     = STRING_TOKEN(0x0002),
       		minsize  = 0,
       		maxsize  = 120,
       endstring;
>00000107: 29 02 

       subtitle text = STRING_TOKEN(0x0002);
>00000109: 02 87 02 00 00 00 00 
>00000110: 29 02 

       text
         help   = STRING_TOKEN(0x0032),
         text   = STRING_TOKEN(0x0032),
         text   = STRING_TOKEN(0x0002),
         flags  = INTERACTIVE,
>00000112: 0C 8F 32 00 32 00 00 10 00 00 FF FF 04 00 00 
         key    = 0x1000;
>00000121: 29 02 

       text
         help   = STRING_TOKEN(0x0033),
         text   = STRING_TOKEN(0x0033),
         text   = STRING_TOKEN(0x0002),
         flags  = INTERACTIVE,
>00000123: 0C 8F 33 00 33 00 01 10 00 00 FF FF 04 00 00 
         key    = 0x1001;
>00000132: 29 02 

  endform;
>00000134: 29 02 

  form formid = 0x1020,
>00000136: 01 86 20 10 2B 00 
       title = STRING_TOKEN(0x002B);

       label 0x1020;
>0000013C: 5F 15 35 17 0B 0F A0 87 93 41 B2 66 53 8C 38 AF 48 CE 00 20 10 
       label 0xffff;
>00000151: 5F 15 35 17 0B 0F A0 87 93 41 B2 66 53 8C 38 AF 48 CE 00 FF FF 

       subtitle text = STRING_TOKEN(0x0002);
>00000166: 02 87 02 00 00 00 00 
>0000016D: 29 02 

       string    varid    = FeData.DescriptionData,
>0000016F: 1C 90 30 00 02 00 03 00 00 10 00 00 00 06 4B 00 
                 prompt   = STRING_TOKEN(0x0030),
                 help     = STRING_TOKEN(0x0002),
                 minsize  = 6,
                 maxsize  = 75,
       endstring;
>0000017F: 29 02 

       string    varid    = FeData.OptionalData,
>00000181: 1C 90 63 00 02 00 04 00 00 10 96 00 00 00 78 00 
                 prompt   = STRING_TOKEN(0x0063),
                 help     = STRING_TOKEN(0x0002),
                 minsize  = 0,
                 maxsize  = 120,
       endstring;
>00000191: 29 02 

       checkbox varid    = FeData.ForceReconnect,
>00000193: 06 8E 31 00 31 00 05 00 00 10 95 01 00 01 
               prompt   = STRING_TOKEN(0x0031),
               help     = STRING_TOKEN(0x0031),
               flags    = CHECKBOX_DEFAULT,
               key      = 0,
       endcheckbox;
>000001A1: 29 02 

       subtitle text = STRING_TOKEN(0x0002);
>000001A3: 02 87 02 00 00 00 00 
>000001AA: 29 02 

       text
         help   = STRING_TOKEN(0x0032),
         text   = STRING_TOKEN(0x0032),
         text   = STRING_TOKEN(0x0002),
         flags  = INTERACTIVE,
>000001AC: 0C 8F 32 00 32 00 02 10 00 00 FF FF 04 00 00 
         key    = 0x1002;  
>000001BB: 29 02 

       text
         help   = STRING_TOKEN(0x0033),
         text   = STRING_TOKEN(0x0033),
         text   = STRING_TOKEN(0x0002),
         flags  = INTERACTIVE,
>000001BD: 0C 8F 33 00 33 00 03 10 00 00 FF FF 04 00 00 
         key    = 0x1003;
>000001CC: 29 02 

  endform;
>000001CE: 29 02 

endformset;
>000001D0: 29 02 

//
// All Opcode Record List 
//
>00000000: 0E A7 E1 63 2D 1F BD FE C7 4D 9C C5 BA 2B 1C EF 9C 5B 66 00 02 00 01 E1 63 2D 1F BD FE C7 4D 9C C5 BA 2B 1C EF 9C 5B 
>00000027: 5F 15 35 17 0B 0F A0 87 93 41 B2 66 53 8C 38 AF 48 CE 03 00 00 
>0000003C: 5F 15 35 17 0B 0F A0 87 93 41 B2 66 53 8C 38 AF 48 CE 04 00 00 
>00000051: 5C 06 00 00 00 00 
>00000057: 5C 06 00 00 01 00 
>0000005D: 24 1D E1 63 2D 1F BD FE C7 4D 9C C5 BA 2B 1C EF 9C 5B 00 10 96 01 46 65 44 61 74 61 00 
>0000007A: 01 86 1E 10 66 00 
>00000080: 5F 15 35 17 0B 0F A0 87 93 41 B2 66 53 8C 38 AF 48 CE 00 1E 10 
>00000095: 5F 15 35 17 0B 0F A0 87 93 41 B2 66 53 8C 38 AF 48 CE 00 FF FF 
>000000AA: 29 02 
>000000AC: 01 86 1F 10 2A 00 
>000000B2: 5F 15 35 17 0B 0F A0 87 93 41 B2 66 53 8C 38 AF 48 CE 00 1F 10 
>000000C7: 5F 15 35 17 0B 0F A0 87 93 41 B2 66 53 8C 38 AF 48 CE 00 FF FF 
>000000DC: 02 87 02 00 00 00 00 
>000000E3: 29 02 
>000000E5: 1C 90 30 00 02 00 01 00 00 10 00 00 00 06 4B 00 
>000000F5: 29 02 
>000000F7: 1C 90 63 00 02 00 02 00 00 10 96 00 00 00 78 00 
>00000107: 29 02 
>00000109: 02 87 02 00 00 00 00 
>00000110: 29 02 
>00000112: 0C 8F 32 00 32 00 00 10 00 00 FF FF 04 00 00 
>00000121: 29 02 
>00000123: 0C 8F 33 00 33 00 01 10 00 00 FF FF 04 00 00 
>00000132: 29 02 
>00000134: 29 02 
>00000136: 01 86 20 10 2B 00 
>0000013C: 5F 15 35 17 0B 0F A0 87 93 41 B2 66 53 8C 38 AF 48 CE 00 20 10 
>00000151: 5F 15 35 17 0B 0F A0 87 93 41 B2 66 53 8C 38 AF 48 CE 00 FF FF 
>00000166: 02 87 02 00 00 00 00 
>0000016D: 29 02 
>0000016F: 1C 90 30 00 02 00 03 00 00 10 00 00 00 06 4B 00 
>0000017F: 29 02 
>00000181: 1C 90 63 00 02 00 04 00 00 10 96 00 00 00 78 00 
>00000191: 29 02 
>00000193: 06 8E 31 00 31 00 05 00 00 10 95 01 00 01 
>000001A1: 29 02 
>000001A3: 02 87 02 00 00 00 00 
>000001AA: 29 02 
>000001AC: 0C 8F 32 00 32 00 02 10 00 00 FF FF 04 00 00 
>000001BB: 29 02 
>000001BD: 0C 8F 33 00 33 00 03 10 00 00 FF FF 04 00 00 
>000001CC: 29 02 
>000001CE: 29 02 
>000001D0: 29 02 

Total Size of all record is 0x000001D2


***************************************************************
		mPackAlign = 8
		struct FILE_EXPLORER_NV_DATA : mAlign [2] mTotalSize [0x196]

		struct FILE_EXPLORER_NV_DATA {
			+00000000[00000000] DescriptionData[75] <UINT16>
			+00000150[00000096] OptionalData[127] <UINT16>
			+00000404[00000194] Active <UINT8>
			+00000405[00000195] ForceReconnect <UINT8>
		};
---------------------------------------------------------------
		struct BMM_FAKE_NV_DATA : mAlign [4] mTotalSize [0x61c]

		struct BMM_FAKE_NV_DATA {
			+00000000[00000000] BootTimeOut <UINT16>
			+00000002[00000002] BootNext <UINT16>
			+00000004[00000004] COM1BaudRate <UINT8>
			+00000005[00000005] COM1DataRate <UINT8>
			+00000006[00000006] COM1StopBits <UINT8>
			+00000007[00000007] COM1Parity <UINT8>
			+00000008[00000008] COM1TerminalType <UINT8>
			+00000009[00000009] COM2BaudRate <UINT8>
			+00000010[0000000a] COM2DataRate <UINT8>
			+00000011[0000000b] COM2StopBits <UINT8>
			+00000012[0000000c] COM2Parity <UINT8>
			+00000013[0000000d] COM2TerminalType <UINT8>
			+00000014[0000000e] DriverAddHandleDesc[100] <UINT16>
			+00000214[000000d6] DriverAddHandleOptionalData[100] <UINT16>
			+00000414[0000019e] DriverAddActive <UINT8>
			+00000415[0000019f] DriverAddForceReconnect <UINT8>
			+00000416[000001a0] ConsoleInputCOM1 <UINT8>
			+00000417[000001a1] ConsoleInputCOM2 <UINT8>
			+00000418[000001a2] ConsoleOutputCOM1 <UINT8>
			+00000419[000001a3] ConsoleOutputCOM2 <UINT8>
			+00000420[000001a4] ConsoleErrorCOM1 <UINT8>
			+00000421[000001a5] ConsoleErrorCOM2 <UINT8>
			+00000422[000001a6] ConsoleCheck[100] <UINT8>
			+00000524[0000020c] OptionOrder[100] <UINT32>
			+00000924[0000039c] OptionDel[100] <BOOLEAN>
			+00001024[00000400] COMBaudRate <UINT8>
			+00001025[00000401] COMDataRate <UINT8>
			+00001026[00000402] COMStopBits <UINT8>
			+00001027[00000403] COMParity <UINT8>
			+00001028[00000404] COMTerminalType <UINT8>
			+00001029[00000405] COMFlowControl <UINT8>
			+00001030[00000406] LegacyFD[100] <UINT8>
			+00001130[0000046a] LegacyHD[100] <UINT8>
			+00001230[000004ce] LegacyCD[100] <UINT8>
			+00001330[00000532] LegacyNET[100] <UINT8>
			+00001430[00000596] LegacyBEV[100] <UINT8>
			+00001530[000005fa] DisableMap[32] <UINT8>
			+00001562[0000061a] ConsoleOutMode <UINT16>
		};
---------------------------------------------------------------
		struct EFI_HII_REF : mAlign [16] mTotalSize [0x16]

		struct EFI_HII_REF {
			+00000000[00000000] QuestionId <UINT16>
			+00000002[00000002] FormId <UINT16>
			+00000004[00000004] FormSetGuid <(null)>
			+00000020[00000014] DevicePath <EFI_STRING_ID>
		};
---------------------------------------------------------------
		struct EFI_HII_TIME : mAlign [1] mTotalSize [0x3]

		struct EFI_HII_TIME {
			+00000000[00000000] Hours <UINT8>
			+00000001[00000001] Minutes <UINT8>
			+00000002[00000002] Seconds <UINT8>
		};
---------------------------------------------------------------
		struct EFI_STRING_ID : mAlign [2] mTotalSize [0x2]

		struct EFI_STRING_ID {
		};
---------------------------------------------------------------
		struct EFI_HII_DATE : mAlign [2] mTotalSize [0x4]

		struct EFI_HII_DATE {
			+00000000[00000000] Year <UINT16>
			+00000002[00000002] Month <UINT8>
			+00000003[00000003] Day <UINT8>
		};
---------------------------------------------------------------
		struct BOOLEAN : mAlign [1] mTotalSize [0x1]

		struct BOOLEAN {
		};
---------------------------------------------------------------
		struct UINT8 : mAlign [1] mTotalSize [0x1]

		struct UINT8 {
		};
---------------------------------------------------------------
		struct UINT16 : mAlign [2] mTotalSize [0x2]

		struct UINT16 {
		};
---------------------------------------------------------------
		struct UINT32 : mAlign [4] mTotalSize [0x4]

		struct UINT32 {
		};
---------------------------------------------------------------
		struct UINT64 : mAlign [8] mTotalSize [0x8]

		struct UINT64 {
		};
---------------------------------------------------------------
***************************************************************
