d:\myworkspace\Build\NT32\DEBUG_VS2012x86xASL\IA32\MdePkg\Library\DxePcdLib\DxePcdLib\OUTPUT\DxePcdLib.lib
d:\myworkspace\Build\NT32\DEBUG_VS2012x86xASL\IA32\IntelFrameworkModulePkg\Library\PeiDxeDebugLibReportStatusCode\PeiDxeDebugLibReportStatusCode\OUTPUT\PeiDxeDebugLibReportStatusCode.lib
d:\myworkspace\Build\NT32\DEBUG_VS2012x86xASL\IA32\MdePkg\Library\BaseMemoryLibOptDxe\BaseMemoryLibOptDxe\OUTPUT\BaseMemoryLibOptDxe.lib
d:\myworkspace\Build\NT32\DEBUG_VS2012x86xASL\IA32\MdePkg\Library\UefiMemoryAllocationLib\UefiMemoryAllocationLib\OUTPUT\UefiMemoryAllocationLib.lib
d:\myworkspace\Build\NT32\DEBUG_VS2012x86xASL\IA32\MdeModulePkg\Library\DxeReportStatusCodeLib\DxeReportStatusCodeLib\OUTPUT\DxeReportStatusCodeLib.lib
d:\myworkspace\Build\NT32\DEBUG_VS2012x86xASL\IA32\MdePkg\Library\BaseLib\BaseLib\OUTPUT\BaseLib.lib
d:\myworkspace\Build\NT32\DEBUG_VS2012x86xASL\IA32\MdePkg\Library\UefiDevicePathLib\UefiDevicePathLib\OUTPUT\UefiDevicePathLib.lib
d:\myworkspace\Build\NT32\DEBUG_VS2012x86xASL\IA32\MdePkg\Library\UefiBootServicesTableLib\UefiBootServicesTableLib\OUTPUT\UefiBootServicesTableLib.lib
d:\myworkspace\Build\NT32\DEBUG_VS2012x86xASL\IA32\MdePkg\Library\BasePrintLib\BasePrintLib\OUTPUT\BasePrintLib.lib
d:\myworkspace\Build\NT32\DEBUG_VS2012x86xASL\IA32\MdePkg\Library\UefiRuntimeServicesTableLib\UefiRuntimeServicesTableLib\OUTPUT\UefiRuntimeServicesTableLib.lib
d:\myworkspace\Build\NT32\DEBUG_VS2012x86xASL\IA32\MdePkg\Library\UefiLib\UefiLib\OUTPUT\UefiLib.lib
d:\myworkspace\Build\NT32\DEBUG_VS2012x86xASL\IA32\MdePkg\Library\DxeHobLib\DxeHobLib\OUTPUT\DxeHobLib.lib
d:\myworkspace\Build\NT32\DEBUG_VS2012x86xASL\IA32\MdeModulePkg\Library\DxeDebugPrintErrorLevelLib\DxeDebugPrintErrorLevelLib\OUTPUT\DxeDebugPrintErrorLevelLib.lib
d:\myworkspace\Build\NT32\DEBUG_VS2012x86xASL\IA32\MdeModulePkg\Library\UefiHiiServicesLib\UefiHiiServicesLib\OUTPUT\UefiHiiServicesLib.lib
d:\myworkspace\Build\NT32\DEBUG_VS2012x86xASL\IA32\MdePkg\Library\DxeServicesLib\DxeServicesLib\OUTPUT\DxeServicesLib.lib
d:\myworkspace\Build\NT32\DEBUG_VS2012x86xASL\IA32\MdePkg\Library\BaseTimerLibNullTemplate\BaseTimerLibNullTemplate\OUTPUT\BaseTimerLibNullTemplate.lib
d:\myworkspace\Build\NT32\DEBUG_VS2012x86xASL\IA32\MdePkg\Library\DxeServicesTableLib\DxeServicesTableLib\OUTPUT\DxeServicesTableLib.lib
d:\myworkspace\Build\NT32\DEBUG_VS2012x86xASL\IA32\MdePkg\Library\BasePeCoffGetEntryPointLib\BasePeCoffGetEntryPointLib\OUTPUT\BasePeCoffGetEntryPointLib.lib
d:\myworkspace\Build\NT32\DEBUG_VS2012x86xASL\IA32\MdeModulePkg\Library\UefiHiiLib\UefiHiiLib\OUTPUT\UefiHiiLib.lib
d:\myworkspace\Build\NT32\DEBUG_VS2012x86xASL\IA32\MdePkg\Library\BasePerformanceLibNull\BasePerformanceLibNull\OUTPUT\BasePerformanceLibNull.lib
d:\myworkspace\Build\NT32\DEBUG_VS2012x86xASL\IA32\IntelFrameworkModulePkg\Library\GenericBdsLib\GenericBdsLib\OUTPUT\GenericBdsLib.lib
d:\myworkspace\Build\NT32\DEBUG_VS2012x86xASL\IA32\MdePkg\Library\UefiDriverEntryPoint\UefiDriverEntryPoint\OUTPUT\UefiDriverEntryPoint.lib
d:\myworkspace\Build\NT32\DEBUG_VS2012x86xASL\IA32\Nt32Pkg\Library\Nt32BdsLib\Nt32BdsLib\OUTPUT\PlatformBdsLib.lib
d:\myworkspace\Build\NT32\DEBUG_VS2012x86xASL\IA32\MdeModulePkg\Library\DxeCapsuleLibNull\DxeCapsuleLibNull\OUTPUT\DxeCapsuleLibNull.lib
d:\myworkspace\Build\NT32\DEBUG_VS2012x86xASL\IA32\IntelFrameworkModulePkg\Universal\BdsDxe\BdsDxe\OUTPUT\BdsDxe.lib