d:\myworkspace\Build\NT32\DEBUG_VS2012x86xASL\IA32\MdePkg\Library\BasePcdLibNull\BasePcdLibNull\OUTPUT\BasePcdLibNull.lib
d:\myworkspace\Build\NT32\DEBUG_VS2012x86xASL\IA32\MdeModulePkg\Library\DxeReportStatusCodeLib\DxeReportStatusCodeLib\OUTPUT\DxeReportStatusCodeLib.lib
d:\myworkspace\Build\NT32\DEBUG_VS2012x86xASL\IA32\MdePkg\Library\UefiDevicePathLib\UefiDevicePathLib\OUTPUT\UefiDevicePathLib.lib
d:\myworkspace\Build\NT32\DEBUG_VS2012x86xASL\IA32\MdeModulePkg\Library\DxeCoreMemoryAllocationLib\DxeCoreMemoryAllocationLib\OUTPUT\DxeCoreMemoryAllocationLib.lib
d:\myworkspace\Build\NT32\DEBUG_VS2012x86xASL\IA32\IntelFrameworkModulePkg\Library\PeiDxeDebugLibReportStatusCode\PeiDxeDebugLibReportStatusCode\OUTPUT\PeiDxeDebugLibReportStatusCode.lib
d:\myworkspace\Build\NT32\DEBUG_VS2012x86xASL\IA32\MdePkg\Library\BaseLib\BaseLib\OUTPUT\BaseLib.lib
d:\myworkspace\Build\NT32\DEBUG_VS2012x86xASL\IA32\MdePkg\Library\BaseMemoryLibOptDxe\BaseMemoryLibOptDxe\OUTPUT\BaseMemoryLibOptDxe.lib
d:\myworkspace\Build\NT32\DEBUG_VS2012x86xASL\IA32\MdePkg\Library\UefiBootServicesTableLib\UefiBootServicesTableLib\OUTPUT\UefiBootServicesTableLib.lib
d:\myworkspace\Build\NT32\DEBUG_VS2012x86xASL\IA32\MdePkg\Library\DxeCoreEntryPoint\DxeCoreEntryPoint\OUTPUT\DxeCoreEntryPoint.lib
d:\myworkspace\Build\NT32\DEBUG_VS2012x86xASL\IA32\MdePkg\Library\DxeCoreHobLib\DxeCoreHobLib\OUTPUT\DxeCoreHobLib.lib
d:\myworkspace\Build\NT32\DEBUG_VS2012x86xASL\IA32\MdeModulePkg\Library\DxeDebugPrintErrorLevelLib\DxeDebugPrintErrorLevelLib\OUTPUT\DxeDebugPrintErrorLevelLib.lib
d:\myworkspace\Build\NT32\DEBUG_VS2012x86xASL\IA32\MdePkg\Library\UefiRuntimeServicesTableLib\UefiRuntimeServicesTableLib\OUTPUT\UefiRuntimeServicesTableLib.lib
d:\myworkspace\Build\NT32\DEBUG_VS2012x86xASL\IA32\MdePkg\Library\BasePrintLib\BasePrintLib\OUTPUT\BasePrintLib.lib
d:\myworkspace\Build\NT32\DEBUG_VS2012x86xASL\IA32\MdePkg\Library\DxeExtractGuidedSectionLib\DxeExtractGuidedSectionLib\OUTPUT\DxeExtractGuidedSectionLib.lib
d:\myworkspace\Build\NT32\DEBUG_VS2012x86xASL\IA32\Nt32Pkg\Library\DxeNt32PeCoffExtraActionLib\DxeNt32PeCoffExtraActionLib\OUTPUT\DxeNt32PeCoffExtraActionLib.lib
d:\myworkspace\Build\NT32\DEBUG_VS2012x86xASL\IA32\MdePkg\Library\UefiLib\UefiLib\OUTPUT\UefiLib.lib
d:\myworkspace\Build\NT32\DEBUG_VS2012x86xASL\IA32\MdePkg\Library\BaseCacheMaintenanceLib\BaseCacheMaintenanceLib\OUTPUT\BaseCacheMaintenanceLib.lib
d:\myworkspace\Build\NT32\DEBUG_VS2012x86xASL\IA32\IntelFrameworkModulePkg\Library\BaseUefiTianoCustomDecompressLib\BaseUefiTianoCustomDecompressLib\OUTPUT\BaseUefiTianoDecompressLib.lib
d:\myworkspace\Build\NT32\DEBUG_VS2012x86xASL\IA32\MdePkg\Library\BasePerformanceLibNull\BasePerformanceLibNull\OUTPUT\BasePerformanceLibNull.lib
d:\myworkspace\Build\NT32\DEBUG_VS2012x86xASL\IA32\MdePkg\Library\BasePeCoffLib\BasePeCoffLib\OUTPUT\BasePeCoffLib.lib
d:\myworkspace\Build\NT32\DEBUG_VS2012x86xASL\IA32\MdePkg\Library\BasePeCoffGetEntryPointLib\BasePeCoffGetEntryPointLib\OUTPUT\BasePeCoffGetEntryPointLib.lib
d:\myworkspace\Build\NT32\DEBUG_VS2012x86xASL\IA32\MdePkg\Library\BaseTimerLibNullTemplate\BaseTimerLibNullTemplate\OUTPUT\BaseTimerLibNullTemplate.lib
d:\myworkspace\Build\NT32\DEBUG_VS2012x86xASL\IA32\MdePkg\Library\DxeServicesLib\DxeServicesLib\OUTPUT\DxeServicesLib.lib
d:\myworkspace\Build\NT32\DEBUG_VS2012x86xASL\IA32\MdeModulePkg\Library\DebugAgentLibNull\DebugAgentLibNull\OUTPUT\DebugAgentLibNull.lib
d:\myworkspace\Build\NT32\DEBUG_VS2012x86xASL\IA32\MdeModulePkg\Library\DxeCrc32GuidedSectionExtractLib\DxeCrc32GuidedSectionExtractLib\OUTPUT\DxeCrc32GuidedSectionExtractLib.lib
d:\myworkspace\Build\NT32\DEBUG_VS2012x86xASL\IA32\MdeModulePkg\Core\Dxe\DxeMain\OUTPUT\DxeCore.lib