d:\myworkspace\Build\MdeModule\RELEASE_VS2012x86xASL\IA32\MdePkg\Library\BaseDebugLibNull\BaseDebugLibNull\OUTPUT\BaseDebugLibNull.lib
d:\myworkspace\Build\MdeModule\RELEASE_VS2012x86xASL\IA32\MdePkg\Library\BaseLib\BaseLib\OUTPUT\BaseLib.lib
d:\myworkspace\Build\MdeModule\RELEASE_VS2012x86xASL\IA32\MdePkg\Library\BaseMemoryLib\BaseMemoryLib\OUTPUT\BaseMemoryLib.lib
d:\myworkspace\Build\MdeModule\RELEASE_VS2012x86xASL\IA32\MdePkg\Library\BasePcdLibNull\BasePcdLibNull\OUTPUT\BasePcdLibNull.lib
d:\myworkspace\Build\MdeModule\RELEASE_VS2012x86xASL\IA32\MdePkg\Library\UefiBootServicesTableLib\UefiBootServicesTableLib\OUTPUT\UefiBootServicesTableLib.lib
d:\myworkspace\Build\MdeModule\RELEASE_VS2012x86xASL\IA32\MdePkg\Library\UefiMemoryAllocationLib\UefiMemoryAllocationLib\OUTPUT\UefiMemoryAllocationLib.lib
d:\myworkspace\Build\MdeModule\RELEASE_VS2012x86xASL\IA32\MdePkg\Library\BaseIoLibIntrinsic\BaseIoLibIntrinsic\OUTPUT\BaseIoLibIntrinsic.lib
d:\myworkspace\Build\MdeModule\RELEASE_VS2012x86xASL\IA32\MdePkg\Library\UefiRuntimeServicesTableLib\UefiRuntimeServicesTableLib\OUTPUT\UefiRuntimeServicesTableLib.lib
d:\myworkspace\Build\MdeModule\RELEASE_VS2012x86xASL\IA32\MdePkg\Library\UefiDevicePathLib\UefiDevicePathLib\OUTPUT\UefiDevicePathLib.lib
d:\myworkspace\Build\MdeModule\RELEASE_VS2012x86xASL\IA32\MdePkg\Library\BasePrintLib\BasePrintLib\OUTPUT\BasePrintLib.lib
d:\myworkspace\Build\MdeModule\RELEASE_VS2012x86xASL\IA32\MdePkg\Library\BasePciCf8Lib\BasePciCf8Lib\OUTPUT\BasePciCf8Lib.lib
d:\myworkspace\Build\MdeModule\RELEASE_VS2012x86xASL\IA32\MdeModulePkg\Library\SmmLockBoxLib\SmmLockBoxDxeLib\OUTPUT\SmmLockBoxDxeLib.lib
d:\myworkspace\Build\MdeModule\RELEASE_VS2012x86xASL\IA32\MdePkg\Library\UefiLib\UefiLib\OUTPUT\UefiLib.lib
d:\myworkspace\Build\MdeModule\RELEASE_VS2012x86xASL\IA32\MdePkg\Library\BasePciLibCf8\BasePciLibCf8\OUTPUT\BasePciLibCf8.lib
d:\myworkspace\Build\MdeModule\RELEASE_VS2012x86xASL\IA32\MdePkg\Library\DxeSmbusLib\DxeSmbusLib\OUTPUT\DxeSmbusLib.lib
d:\myworkspace\Build\MdeModule\RELEASE_VS2012x86xASL\IA32\MdePkg\Library\BaseTimerLibNullTemplate\BaseTimerLibNullTemplate\OUTPUT\BaseTimerLibNullTemplate.lib
d:\myworkspace\Build\MdeModule\RELEASE_VS2012x86xASL\IA32\MdePkg\Library\BasePeCoffExtraActionLibNull\BasePeCoffExtraActionLibNull\OUTPUT\PeCoffExtraActionLibNull.lib
d:\myworkspace\Build\MdeModule\RELEASE_VS2012x86xASL\IA32\MdePkg\Library\UefiDriverEntryPoint\UefiDriverEntryPoint\OUTPUT\UefiDriverEntryPoint.lib
d:\myworkspace\Build\MdeModule\RELEASE_VS2012x86xASL\IA32\MdeModulePkg\Library\PiDxeS3BootScriptLib\DxeS3BootScriptLib\OUTPUT\DxeS3BootScriptLib.lib
d:\myworkspace\Build\MdeModule\RELEASE_VS2012x86xASL\IA32\MdePkg\Library\BasePeCoffLib\BasePeCoffLib\OUTPUT\BasePeCoffLib.lib
d:\myworkspace\Build\MdeModule\RELEASE_VS2012x86xASL\IA32\MdePkg\Library\DxeServicesLib\DxeServicesLib\OUTPUT\DxeServicesLib.lib
d:\myworkspace\Build\MdeModule\RELEASE_VS2012x86xASL\IA32\MdePkg\Library\BaseCacheMaintenanceLib\BaseCacheMaintenanceLib\OUTPUT\BaseCacheMaintenanceLib.lib
d:\myworkspace\Build\MdeModule\RELEASE_VS2012x86xASL\IA32\MdeModulePkg\Library\DebugAgentLibNull\DebugAgentLibNull\OUTPUT\DebugAgentLibNull.lib
d:\myworkspace\Build\MdeModule\RELEASE_VS2012x86xASL\IA32\MdeModulePkg\Universal\Acpi\BootScriptExecutorDxe\BootScriptExecutorDxe\OUTPUT\BootScriptExecutorDxe.lib