d:\myworkspace\Build\MdeModule\RELEASE_VS2012x86xASL\IA32\MdePkg\Library\BaseDebugPrintErrorLevelLib\BaseDebugPrintErrorLevelLib\OUTPUT\BaseDebugPrintErrorLevelLib.lib
d:\myworkspace\Build\MdeModule\RELEASE_VS2012x86xASL\IA32\MdePkg\Library\BasePrintLib\BasePrintLib\OUTPUT\BasePrintLib.lib
d:\myworkspace\Build\MdeModule\RELEASE_VS2012x86xASL\IA32\MdePkg\Library\BasePcdLibNull\BasePcdLibNull\OUTPUT\BasePcdLibNull.lib
d:\myworkspace\Build\MdeModule\RELEASE_VS2012x86xASL\IA32\MdePkg\Library\BaseLib\BaseLib\OUTPUT\BaseLib.lib
d:\myworkspace\Build\MdeModule\RELEASE_VS2012x86xASL\IA32\MdePkg\Library\UefiDebugLibConOut\UefiDebugLibConOut\OUTPUT\UefiDebugLibConOut.lib
d:\myworkspace\Build\MdeModule\RELEASE_VS2012x86xASL\IA32\MdePkg\Library\BaseMemoryLib\BaseMemoryLib\OUTPUT\BaseMemoryLib.lib
d:\myworkspace\Build\MdeModule\RELEASE_VS2012x86xASL\IA32\MdePkg\Library\UefiBootServicesTableLib\UefiBootServicesTableLib\OUTPUT\UefiBootServicesTableLib.lib
d:\myworkspace\Build\MdeModule\RELEASE_VS2012x86xASL\IA32\MdePkg\Library\SmmServicesTableLib\SmmServicesTableLib\OUTPUT\SmmServicesTableLib.lib
d:\myworkspace\Build\MdeModule\RELEASE_VS2012x86xASL\IA32\MdePkg\Library\BaseIoLibIntrinsic\BaseIoLibIntrinsic\OUTPUT\BaseIoLibIntrinsic.lib
d:\myworkspace\Build\MdeModule\RELEASE_VS2012x86xASL\IA32\MdePkg\Library\SmmMemoryAllocationLib\SmmMemoryAllocationLib\OUTPUT\SmmMemoryAllocationLib.lib
d:\myworkspace\Build\MdeModule\RELEASE_VS2012x86xASL\IA32\MdePkg\Library\BasePciCf8Lib\BasePciCf8Lib\OUTPUT\BasePciCf8Lib.lib
d:\myworkspace\Build\MdeModule\RELEASE_VS2012x86xASL\IA32\MdePkg\Library\UefiRuntimeServicesTableLib\UefiRuntimeServicesTableLib\OUTPUT\UefiRuntimeServicesTableLib.lib
d:\myworkspace\Build\MdeModule\RELEASE_VS2012x86xASL\IA32\MdePkg\Library\UefiDevicePathLib\UefiDevicePathLib\OUTPUT\UefiDevicePathLib.lib
d:\myworkspace\Build\MdeModule\RELEASE_VS2012x86xASL\IA32\MdeModulePkg\Library\SmmLockBoxLib\SmmLockBoxSmmLib\OUTPUT\SmmLockBoxSmmLib.lib
d:\myworkspace\Build\MdeModule\RELEASE_VS2012x86xASL\IA32\MdePkg\Library\BasePciLibCf8\BasePciLibCf8\OUTPUT\BasePciLibCf8.lib
d:\myworkspace\Build\MdeModule\RELEASE_VS2012x86xASL\IA32\MdePkg\Library\DxeSmbusLib\DxeSmbusLib\OUTPUT\DxeSmbusLib.lib
d:\myworkspace\Build\MdeModule\RELEASE_VS2012x86xASL\IA32\MdePkg\Library\UefiLib\UefiLib\OUTPUT\UefiLib.lib
d:\myworkspace\Build\MdeModule\RELEASE_VS2012x86xASL\IA32\MdePkg\Library\BaseTimerLibNullTemplate\BaseTimerLibNullTemplate\OUTPUT\BaseTimerLibNullTemplate.lib
d:\myworkspace\Build\MdeModule\RELEASE_VS2012x86xASL\IA32\MdePkg\Library\UefiDriverEntryPoint\UefiDriverEntryPoint\OUTPUT\UefiDriverEntryPoint.lib
d:\myworkspace\Build\MdeModule\RELEASE_VS2012x86xASL\IA32\MdeModulePkg\Library\PiDxeS3BootScriptLib\DxeS3BootScriptLib\OUTPUT\DxeS3BootScriptLib.lib
d:\myworkspace\Build\MdeModule\RELEASE_VS2012x86xASL\IA32\MdeModulePkg\Universal\Acpi\SmmS3SaveState\SmmS3SaveState\OUTPUT\SmmS3SaveState.lib